This file contains any messages produced by compilers while
running configure, to aid debugging if configure makes a mistake.

It was created by configure, which was
generated by GNU Autoconf 2.61.  Invocation command line was

  $ ./configure --with-num-tests=1 --enable-printf-tofile --enable-userlevel-timings --enable-dummy-mpi --disable-fortran

## --------- ##
## Platform. ##
## --------- ##

hostname = shark
uname -m = x86_64
uname -r = 2.6.25.11-papi-default
uname -s = Linux
uname -v = #1 SMP Wed Jul 23 12:50:00 CDT 2008

/usr/bin/uname -p = unknown
/bin/uname -X     = unknown

/bin/arch              = x86_64
/usr/bin/arch -k       = unknown
/usr/convex/getsysinfo = unknown
/usr/bin/hostinfo      = unknown
/bin/machine           = unknown
/usr/bin/oslevel       = unknown
/bin/universe          = unknown

PATH: /home/mschaara/OMPIO/bin
PATH: /opt/papi-3.6.0/bin
PATH: /opt/SLURM/bin
PATH: /home/mschaara/OMPIO/bin
PATH: /opt/papi-3.6.0/bin
PATH: /opt/SLURM/bin
PATH: /home/mschaara/bin
PATH: /usr/local/bin
PATH: /usr/bin
PATH: /bin
PATH: /usr/bin/X11
PATH: /usr/X11R6/bin
PATH: /usr/games
PATH: /opt/c3-4/
PATH: /usr/lib/mit/bin
PATH: /usr/lib/mit/sbin


## ----------- ##
## Core tests. ##
## ----------- ##

configure:1775: checking build system type
configure:1793: result: x86_64-suse-linux-gnu
configure:1815: checking host system type
configure:1830: result: x86_64-suse-linux-gnu
configure:1852: checking target system type
configure:1867: result: x86_64-suse-linux-gnu
configure:1946: checking for gcc
configure:1962: found /usr/bin/gcc
configure:1973: result: gcc
configure:2211: checking for C compiler version
configure:2218: gcc --version >&5
gcc (SUSE Linux) 4.3.1 20080507 (prerelease) [gcc-4_3-branch revision 135036]
Copyright (C) 2008 Free Software Foundation, Inc.
This is free software; see the source for copying conditions.  There is NO
warranty; not even for MERCHANTABILITY or FITNESS FOR A PARTICULAR PURPOSE.

configure:2221: $? = 0
configure:2228: gcc -v >&5
Using built-in specs.
Target: x86_64-suse-linux
Configured with: ../configure --prefix=/usr --with-local-prefix=/usr/local --infodir=/usr/share/info --mandir=/usr/share/man --libdir=/usr/lib64 --libexecdir=/usr/lib64 --enable-languages=c,c++,objc,fortran,obj-c++,java,ada --enable-checking=release --with-gxx-include-dir=/usr/include/c++/4.3 --enable-ssp --disable-libssp --with-bugurl=http://bugs.opensuse.org/ --with-pkgversion='SUSE Linux' --disable-libgcj --with-slibdir=/lib64 --with-system-zlib --enable-__cxa_atexit --enable-libstdcxx-allocator=new --disable-libstdcxx-pch --program-suffix=-4.3 --enable-version-specific-runtime-libs --enable-linux-futex --without-system-libunwind --with-cpu=generic --build=x86_64-suse-linux
Thread model: posix
gcc version 4.3.1 20080507 (prerelease) [gcc-4_3-branch revision 135036] (SUSE Linux) 
configure:2231: $? = 0
configure:2238: gcc -V >&5
gcc: '-V' option must have argument
configure:2241: $? = 1
configure:2264: checking for C compiler default output file name
configure:2291: gcc    conftest.c  >&5
configure:2294: $? = 0
configure:2332: result: a.out
configure:2349: checking whether the C compiler works
configure:2359: ./a.out
configure:2362: $? = 0
configure:2379: result: yes
configure:2386: checking whether we are cross compiling
configure:2388: result: no
configure:2391: checking for suffix of executables
configure:2398: gcc -o conftest    conftest.c  >&5
configure:2401: $? = 0
configure:2425: result: 
configure:2431: checking for suffix of object files
configure:2457: gcc -c   conftest.c >&5
configure:2460: $? = 0
configure:2483: result: o
configure:2487: checking whether we are using the GNU C compiler
configure:2516: gcc -c   conftest.c >&5
configure:2522: $? = 0
configure:2539: result: yes
configure:2544: checking whether gcc accepts -g
configure:2574: gcc -c -g  conftest.c >&5
configure:2580: $? = 0
configure:2679: result: yes
configure:2696: checking for gcc option to accept ISO C89
configure:2770: gcc  -c -g -O2  conftest.c >&5
configure:2776: $? = 0
configure:2799: result: none needed
configure:2875: checking for g++
configure:2891: found /usr/bin/g++
configure:2902: result: g++
configure:2933: checking for C++ compiler version
configure:2940: g++ --version >&5
g++ (SUSE Linux) 4.3.1 20080507 (prerelease) [gcc-4_3-branch revision 135036]
Copyright (C) 2008 Free Software Foundation, Inc.
This is free software; see the source for copying conditions.  There is NO
warranty; not even for MERCHANTABILITY or FITNESS FOR A PARTICULAR PURPOSE.

configure:2943: $? = 0
configure:2950: g++ -v >&5
Using built-in specs.
Target: x86_64-suse-linux
Configured with: ../configure --prefix=/usr --with-local-prefix=/usr/local --infodir=/usr/share/info --mandir=/usr/share/man --libdir=/usr/lib64 --libexecdir=/usr/lib64 --enable-languages=c,c++,objc,fortran,obj-c++,java,ada --enable-checking=release --with-gxx-include-dir=/usr/include/c++/4.3 --enable-ssp --disable-libssp --with-bugurl=http://bugs.opensuse.org/ --with-pkgversion='SUSE Linux' --disable-libgcj --with-slibdir=/lib64 --with-system-zlib --enable-__cxa_atexit --enable-libstdcxx-allocator=new --disable-libstdcxx-pch --program-suffix=-4.3 --enable-version-specific-runtime-libs --enable-linux-futex --without-system-libunwind --with-cpu=generic --build=x86_64-suse-linux
Thread model: posix
gcc version 4.3.1 20080507 (prerelease) [gcc-4_3-branch revision 135036] (SUSE Linux) 
configure:2953: $? = 0
configure:2960: g++ -V >&5
g++: '-V' option must have argument
configure:2963: $? = 1
configure:2966: checking whether we are using the GNU C++ compiler
configure:2995: g++ -c   conftest.cpp >&5
configure:3001: $? = 0
configure:3018: result: yes
configure:3023: checking whether g++ accepts -g
configure:3053: g++ -c -g  conftest.cpp >&5
configure:3059: $? = 0
configure:3158: result: yes
configure:3234: checking for g77
configure:3264: result: no
configure:3234: checking for xlf
configure:3264: result: no
configure:3234: checking for f77
configure:3264: result: no
configure:3234: checking for frt
configure:3264: result: no
configure:3234: checking for pgf77
configure:3264: result: no
configure:3234: checking for cf77
configure:3264: result: no
configure:3234: checking for fort77
configure:3264: result: no
configure:3234: checking for fl32
configure:3264: result: no
configure:3234: checking for af77
configure:3264: result: no
configure:3234: checking for xlf90
configure:3264: result: no
configure:3234: checking for f90
configure:3264: result: no
configure:3234: checking for pgf90
configure:3264: result: no
configure:3234: checking for pghpf
configure:3264: result: no
configure:3234: checking for epcf90
configure:3264: result: no
configure:3234: checking for gfortran
configure:3250: found /usr/bin/gfortran
configure:3261: result: gfortran
configure:3291: checking for Fortran 77 compiler version
configure:3298: gfortran --version >&5
GNU Fortran (SUSE Linux) 4.3.1 20080507 (prerelease) [gcc-4_3-branch revision 135036]
Copyright (C) 2008 Free Software Foundation, Inc.

GNU Fortran comes with NO WARRANTY, to the extent permitted by law.
You may redistribute copies of GNU Fortran
under the terms of the GNU General Public License.
For more information about these matters, see the file named COPYING

configure:3301: $? = 0
configure:3308: gfortran -v >&5
Using built-in specs.
Target: x86_64-suse-linux
Configured with: ../configure --prefix=/usr --with-local-prefix=/usr/local --infodir=/usr/share/info --mandir=/usr/share/man --libdir=/usr/lib64 --libexecdir=/usr/lib64 --enable-languages=c,c++,objc,fortran,obj-c++,java,ada --enable-checking=release --with-gxx-include-dir=/usr/include/c++/4.3 --enable-ssp --disable-libssp --with-bugurl=http://bugs.opensuse.org/ --with-pkgversion='SUSE Linux' --disable-libgcj --with-slibdir=/lib64 --with-system-zlib --enable-__cxa_atexit --enable-libstdcxx-allocator=new --disable-libstdcxx-pch --program-suffix=-4.3 --enable-version-specific-runtime-libs --enable-linux-futex --without-system-libunwind --with-cpu=generic --build=x86_64-suse-linux
Thread model: posix
gcc version 4.3.1 20080507 (prerelease) [gcc-4_3-branch revision 135036] (SUSE Linux) 
configure:3311: $? = 0
configure:3318: gfortran -V >&5
gfortran: '-V' option must have argument
configure:3321: $? = 1
configure:3329: checking whether we are using the GNU Fortran 77 compiler
configure:3348: gfortran -c  conftest.F >&5
configure:3354: $? = 0
configure:3371: result: yes
configure:3377: checking whether gfortran accepts -g
configure:3394: gfortran -c -g conftest.f >&5
configure:3400: $? = 0
configure:3416: result: yes
configure:3459: checking for ar
configure:3475: found /usr/bin/ar
configure:3486: result: ar
configure:3496: checking for ADCL main directory
configure:3509: result: /home/mschaara/tmp/otpo/ADCL
configure:3512: checking for ADCL include directory
configure:3525: result: /home/mschaara/tmp/otpo/ADCL/include
configure:3528: checking for ADCL lib directory
configure:3541: result: /home/mschaara/tmp/otpo/ADCL/lib
configure:3544: checking for ADCL binary directory
configure:3557: result: /home/mschaara/tmp/otpo/ADCL/bin
configure:3561: checking for name of the ADCL library
configure:3574: result: libadcl.a
configure:3578: checking for timer options
configure:3592: result: TIMER_GETTIMEOFDAY
configure:3612: checking for MPI install directory
configure:3622: result: /usr/local/mpi/
configure:3626: checking for MPI include directory
configure:3639: result: /usr/local/mpi//include
configure:3643: checking for MPI lib directory
configure:3656: result: /usr/local/mpi//lib
configure:3660: checking for MPI binary directory
configure:3673: result: /usr/local/mpi//bin
configure:3677: checking for MPI C compiler wrapper
configure:3687: result: mpicc
configure:3691: checking for MPI Fortran 90 compiler wrapper
configure:3701: result: mpif90
configure:3712: checking whether to enable the usage of papi
configure:3714: result: no
configure:3824: checking whether to enable the usage of GSL
configure:3826: result: no
configure:3893: checking if we can compile and link a simple MPI program with mpicc
configure:3913: result: yes
configure:3919: checking if MPI library supports sub-array datatype constructor
configure:3941: result: yes
configure:3958: checking whether to enable the usage of one-sided communciation
configure:3960: result: no
configure:4175: checking whether to use barrier synchronization for measurements
configure:4177: result: yes
configure:4193: checking whether to dump printf statements to a file instead of stdout
configure:4195: result: yes
configure:4211: checking whether to use new output format
configure:4213: result: no
configure:4229: checking whether to disable ADCL internal timing routines
configure:4231: result: yes
configure:4247: checking whether to dump the ADCL knowledge to an XML file
configure:4249: result: no
configure:4265: checking whether to save the winner of a request
configure:4267: result: yes
configure:4283: checking whether to apply a smoothing operation to the history data
configure:4285: result: no
configure:4294: checking for number of measurements per method
configure:4304: result: 1
configure:4307: checking for acceptable performance window
configure:4320: result: 10
configure:4326: checking for prediction algorithm options
configure:4340: result: ADCL_WMV
configure:4359: checking for size of smoothing window
configure:4372: result: 3
configure:4389: checking whether to enable the usage of dummy-mpi
configure:4391: result: yes
configure:4409: checking whether to compile fortran wrappers
configure:4411: result: no
configure:4542: creating ./config.status

## ---------------------- ##
## Running config.status. ##
## ---------------------- ##

This file was extended by config.status, which was
generated by GNU Autoconf 2.61.  Invocation command line was

  CONFIG_FILES    = 
  CONFIG_HEADERS  = 
  CONFIG_LINKS    = 
  CONFIG_COMMANDS = 
  $ ./config.status 

on shark

config.status:640: creating Makefile
config.status:640: creating Makefile.defs
config.status:640: creating include/ADCL_sysconfig.h
config.status:640: creating src/framework/Makefile
config.status:640: creating src/adcl/C/Makefile
config.status:640: creating src/dummympi/Makefile
config.status:640: creating utils/Makefile
config.status:640: creating include/ADCL_config.h

## ---------------- ##
## Cache variables. ##
## ---------------- ##

ac_cv_build=x86_64-suse-linux-gnu
ac_cv_c_compiler_gnu=yes
ac_cv_cxx_compiler_gnu=yes
ac_cv_env_CCC_set=
ac_cv_env_CCC_value=
ac_cv_env_CC_set=
ac_cv_env_CC_value=
ac_cv_env_CFLAGS_set=
ac_cv_env_CFLAGS_value=
ac_cv_env_CPPFLAGS_set=
ac_cv_env_CPPFLAGS_value=
ac_cv_env_CXXFLAGS_set=
ac_cv_env_CXXFLAGS_value=
ac_cv_env_CXX_set=
ac_cv_env_CXX_value=
ac_cv_env_F77_set=
ac_cv_env_F77_value=
ac_cv_env_FFLAGS_set=
ac_cv_env_FFLAGS_value=
ac_cv_env_LDFLAGS_set=
ac_cv_env_LDFLAGS_value=
ac_cv_env_LIBS_set=
ac_cv_env_LIBS_value=
ac_cv_env_build_alias_set=
ac_cv_env_build_alias_value=
ac_cv_env_host_alias_set=
ac_cv_env_host_alias_value=
ac_cv_env_target_alias_set=
ac_cv_env_target_alias_value=
ac_cv_f77_compiler_gnu=yes
ac_cv_host=x86_64-suse-linux-gnu
ac_cv_objext=o
ac_cv_prog_AR=ar
ac_cv_prog_ac_ct_CC=gcc
ac_cv_prog_ac_ct_CXX=g++
ac_cv_prog_ac_ct_F77=gfortran
ac_cv_prog_cc_c89=
ac_cv_prog_cc_g=yes
ac_cv_prog_cxx_g=yes
ac_cv_prog_f77_g=yes
ac_cv_target=x86_64-suse-linux-gnu

## ----------------- ##
## Output variables. ##
## ----------------- ##

AR='ar'
CC='gcc'
CFLAGS='-g -O2'
CPPFLAGS=''
CXX='g++'
CXXFLAGS='-g -O2'
DEFS='-DHAVE_CONFIG_H'
ECHO_C=''
ECHO_N='-n'
ECHO_T=''
EXEEXT=''
F77='gfortran'
FFLAGS='-g -O2'
FLDFLAGS=''
LDFLAGS=''
LIBOBJS=''
LIBS=''
LTLIBOBJS=''
OBJEXT='o'
PACKAGE_BUGREPORT=''
PACKAGE_NAME=''
PACKAGE_STRING=''
PACKAGE_TARNAME=''
PACKAGE_VERSION=''
PATH_SEPARATOR=':'
SHELL='/bin/sh'
ac_ct_CC='gcc'
ac_ct_CXX='g++'
ac_ct_F77='gfortran'
adcl_Papi_o=''
adcl_bin_dir='/home/mschaara/tmp/otpo/ADCL/bin'
adcl_dir='/home/mschaara/tmp/otpo/ADCL'
adcl_emethod_numtests='1'
adcl_gsl_inc_flag='-UGSL'
adcl_gsl_ld_flag=''
adcl_inc_dir='/home/mschaara/tmp/otpo/ADCL/include'
adcl_lib_dir='/home/mschaara/tmp/otpo/ADCL/lib'
adcl_lib_name='libadcl.a'
adcl_minmax=''
adcl_papi_inc_flag=''
adcl_papi_ld_flag=''
adcl_papi_o=''
bindir='${exec_prefix}/bin'
build='x86_64-suse-linux-gnu'
build_alias=''
build_cpu='x86_64'
build_os='linux-gnu'
build_vendor='suse'
c_compiler='cc'
datadir='${datarootdir}'
datarootdir='${prefix}/share'
docdir='${datarootdir}/doc/${PACKAGE}'
dumpi_clean='cd src/dummympi ; make clean'
dumpi_inc='/home/mschaara/tmp/otpo/ADCL/include/ADCL_dummy_mpi.h'
dumpi_make='cd src/dummympi ; make all'
dvidir='${docdir}'
exec_prefix='${prefix}'
f_compiler='gfortran'
fortran_clean=''
fortran_make=''
host='x86_64-suse-linux-gnu'
host_alias=''
host_cpu='x86_64'
host_os='linux-gnu'
host_vendor='suse'
htmldir='${docdir}'
includedir='${prefix}/include'
infodir='${datarootdir}/info'
libdir='${exec_prefix}/lib'
libexecdir='${exec_prefix}/libexec'
localedir='${datarootdir}/locale'
localstatedir='${prefix}/var'
mandir='${datarootdir}/man'
mpi_bin_dir='/usr/local/mpi//bin'
mpi_cc='mpicc'
mpi_dir='/usr/local/mpi/'
mpi_f90='mpif90'
mpi_inc_dir='/usr/local/mpi//include'
mpi_lib_dir='/usr/local/mpi//lib'
oldincludedir='/usr/include'
pdfdir='${docdir}'
prefix='/home/mschaara/ADCL'
program_transform_name='s,x,x,'
psdir='${docdir}'
sbindir='${exec_prefix}/sbin'
sharedstatedir='${prefix}/com'
sysconfdir='${prefix}/etc'
target='x86_64-suse-linux-gnu'
target_alias=''
target_cpu='x86_64'
target_os='linux-gnu'
target_vendor='suse'

## ----------- ##
## confdefs.h. ##
## ----------- ##

#define PACKAGE_NAME ""
#define PACKAGE_TARNAME ""
#define PACKAGE_VERSION ""
#define PACKAGE_STRING ""
#define PACKAGE_BUGREPORT ""
#define TIMER TIMER_GETTIMEOFDAY
#define MPI_SUBARRAY 1
#define ADCL_USE_BARRIER 1
#define ADCL_FILE_PER_PROC 1
#define ADCL_USERLEVEL_TIMINGS 1
#define ADCL_SAVE_REQUEST_WINNER 1
#define ADCL_PERF_WIN 10
#define ADCL_PRED_ALGO ADCL_WMV
#define ADCL_SMOOTH_WIN 3
#define ADCL_DUMMY_MPI 1

configure: exit 0
